Args(dataset='DAC', split='label', dir_alpha=None, n_classes=195, n_clients=100, n_max_sam=None, c_ratio=0.1, net='MLPNet', max_round=200, test_round=10, local_epochs=2, local_steps=None, batch_size=64, optimizer='SGD', lr=0.03, momentum=0.9, weight_decay=1e-05, max_grad_norm=100.0, cuda=False, algo='fedavg', nc_per_client=20, input_channel=1, input_size=65, none='none', fname='DAC-K100-E2-Label2-MLPNet-0.03.log')
[ROUNDS]: 10 20 30 40 50 60 70 80 90 100 110 120 130 140 150 160 170 180 190 200
[LOSSES]: 5.26060 5.25485 5.22152 3.93181 3.98371 3.99241 3.11116 2.78177 2.40353 2.21558 2.02992 1.83549 1.75725 1.58867 1.61247 1.49758 1.33187 1.20389 1.22984 1.26949
[GLO_TACCS]: 0.01273 0.00477 0.01656 0.00604 0.00505 0.00990 0.01776 0.02826 0.04724 0.06331 0.09845 0.07502 0.08027 0.10313 0.11037 0.12381 0.16834 0.15546 0.15880 0.19005
[LOCAL_TACCS]: 0.00449 0.04430 0.00330 0.03212 0.00000 0.05388 0.01868 0.05023 0.00543 0.06416 0.01213 0.09044 0.01219 0.22079 0.02085 0.24781 0.05213 0.40623 0.01663 0.45334 0.03541 0.47706 0.08255 0.53672 0.07128 0.54773 0.06528 0.58567 0.10300 0.59474 0.13847 0.67953 0.14937 0.67720 0.15510 0.69868 0.13212 0.64634 0.20110 0.66826

Args(dataset='DAC', split='label', dir_alpha=None, n_classes=195, n_clients=100, n_max_sam=None, c_ratio=0.1, net='MLPNet', max_round=200, test_round=10, local_epochs=2, local_steps=None, batch_size=64, optimizer='SGD', lr=0.03, momentum=0.9, weight_decay=1e-05, max_grad_norm=100.0, cuda=False, algo='fedavg', nc_per_client=20, input_channel=1, input_size=65, none='none', fname='DAC-K100-E2-Label2-MLPNet-0.03.log')
[ROUNDS]: 10 20 30 40 50 60 70 80 90 100 110 120 130 140 150 160 170 180 190 200
[LOSSES]: 5.26308 5.25751 5.23394 4.17504 3.97765 3.89638 3.09778 2.51254 2.22120 2.15607 1.96506 1.93539 1.71867 1.63540 1.49178 1.57729 1.37919 1.31325 1.34719 1.12065
[GLO_TACCS]: 0.00493 0.00485 0.00493 0.00609 0.00493 0.00510 0.02573 0.03115 0.04303 0.05270 0.07094 0.08816 0.10279 0.11443 0.11524 0.10681 0.13212 0.14767 0.15374 0.19444
[LOCAL_TACCS]: 0.00220 0.04743 0.00985 0.03417 0.00000 0.04721 0.00558 0.04978 0.00000 0.05265 0.00659 0.06341 0.04465 0.25707 0.02959 0.45291 0.05779 0.46713 0.02968 0.42461 0.09507 0.54745 0.12245 0.54595 0.07223 0.57183 0.11420 0.58017 0.14378 0.67328 0.16078 0.62032 0.13515 0.64875 0.15545 0.69189 0.12655 0.69837 0.25111 0.70513

Args(dataset='DAC', split='label', dir_alpha=None, n_classes=195, n_clients=195, n_max_sam=None, c_ratio=0.1, net='MLPNet', max_round=200, test_round=10, local_epochs=2, local_steps=None, batch_size=64, optimizer='SGD', lr=0.03, momentum=0.9, weight_decay=1e-05, max_grad_norm=100.0, cuda=False, algo='fedaws', nc_per_client=20, input_channel=1, input_size=31, margin=0.8, aws_steps=30, aws_lr=0.1, fname='DAC-K100-E2-Label2-MLPNet-0.03.log')
[ROUNDS]: 10 20 30 40 50 60 70 80 90 100 110 120 130 140 150 160 170 180 190 200
[LOSSES]: 5.27097 5.27091 5.26989 5.26996 5.27006 5.26887 5.26872 5.26827 5.26753 5.26771 5.26656 5.26585 5.26212 5.25996 5.25683 5.25177 5.23781 5.20053 5.05416 4.29700
[GLO_TACCS]: 0.00518 0.00796 0.00796 0.00469 0.01059 0.00469 0.00469 0.00469 0.00469 0.00469 0.00469 0.00469 0.00469 0.00469 0.00469 0.00469 0.00469 0.00469 0.01232 0.00378
[LOCAL_TACCS]: 0.00458 0.04895 0.00468 0.02553 0.00468 0.02797 0.00585 0.01856 0.00234 0.00936 0.00234 0.01648 0.00582 0.01513 0.00234 0.00933 0.00351 0.01520 0.00458 0.01968 0.00936 0.01874 0.00234 0.00348 0.00470 0.00944 0.00585 0.01513 0.00354 0.00933 0.00000 0.00928 0.00000 0.02098 0.00458 0.02784 0.00351 0.04318 0.01157 0.02550

Args(dataset='DAC', split='label', dir_alpha=None, n_classes=195, n_clients=195, n_max_sam=None, c_ratio=0.1, net='MLPNet', max_round=200, test_round=10, local_epochs=2, local_steps=None, batch_size=64, optimizer='SGD', lr=0.03, momentum=0.9, weight_decay=1e-05, max_grad_norm=100.0, cuda=False, algo='fedaws', nc_per_client=20, input_channel=1, input_size=31, margin=0.5, aws_steps=50, aws_lr=0.01, fname='DAC-K100-E2-Label2-MLPNet-0.03.log')
[ROUNDS]: 10 20 30 40 50 60 70 80 90 100 110 120 130 140 150 160 170 180 190 200
[LOSSES]: 5.27081 5.27037 5.27025 5.27005 5.26981 5.26947 5.26893 5.26956 5.26805 5.26610 5.26756 5.26600 5.26334 5.26072 5.25940 5.25465 5.24285 5.21677 5.09938 4.72152
[GLO_TACCS]: 0.00510 0.00839 0.00979 0.00510 0.00691 0.00444 0.00962 0.00633 0.00962 0.01003 0.00485 0.01102 0.01020 0.00946 0.01020 0.00609 0.00485 0.00855 0.00444 0.00600
[LOCAL_TACCS]: 0.00468 0.04076 0.01035 0.03944 0.01622 0.03590 0.00595 0.02096 0.00000 0.04765 0.00229 0.02914 0.00343 0.02912 0.00572 0.02314 0.00816 0.04172 0.00468 0.02321 0.00585 0.01281 0.00117 0.02878 0.00819 0.02784 0.00699 0.01856 0.00936 0.03728 0.00351 0.05459 0.00351 0.04183 0.00580 0.06029 0.00468 0.02904 0.00697 0.02563

