Args(dataset='tumor2', split='label', dir_alpha=None, n_classes=2, n_clients=100, n_max_sam=None, c_ratio=0.1, net='TFCNN', max_round=200, test_round=10, local_epochs=2, local_steps=None, batch_size=64, optimizer='SGD', lr=0.03, momentum=0.9, weight_decay=1e-05, max_grad_norm=100.0, cuda=False, algo='fedavg', nc_per_client=2, none='none', fname='tumor2-K100-E2-Label2-TFCNN-0.03.log')
[ROUNDS]: 10 20 30 40 50 60 70 80 90 100 110 120 130 140 150 160 170 180 190 200
[LOSSES]: 0.59022 0.56120 0.46792 0.44134 0.37753 0.40085 0.35076 0.33837 0.34124 0.30263 0.29095 0.28877 0.23525 0.25656 0.24910 0.24735 0.22740 0.18579 0.18957 0.18628
[GLO_TACCS]: 0.68533 0.78811 0.80077 0.81393 0.84844 0.85893 0.87082 0.87500 0.88466 0.88622 0.89767 0.90230 0.90542 0.91122 0.89955 0.93240 0.91055 0.93077 0.93597 0.93747
[LOCAL_TACCS]: 0.70667 0.69667 0.74000 0.78333 0.81667 0.73667 0.84333 0.81000 0.86000 0.79000 0.87333 0.80667 0.90000 0.86667 0.89000 0.83000 0.89667 0.84667 0.87000 0.86333 0.91000 0.86000 0.91333 0.86333 0.93333 0.88000 0.92333 0.91000 0.91000 0.89000 0.93333 0.90333 0.95000 0.91667 0.95333 0.91333 0.93333 0.88667 0.95667 0.92000

Args(dataset='tumor2', split='label', dir_alpha=None, n_classes=2, n_clients=100, n_max_sam=None, c_ratio=0.1, net='TFCNN', max_round=200, test_round=10, local_epochs=2, local_steps=None, batch_size=64, optimizer='SGD', lr=0.03, momentum=0.9, weight_decay=1e-05, max_grad_norm=100.0, cuda=False, algo='fedavg', nc_per_client=2, none='none', fname='tumor2-K100-E2-Label2-TFCNN-0.03.log')
[ROUNDS]: 10 20 30 40 50 60 70 80 90 100 110 120 130 140 150 160 170 180 190 200
[LOSSES]: 0.58271 0.50377 0.48944 0.41058 0.41375 0.38573 0.34910 0.34083 0.33804 0.34310 0.30056 0.28546 0.30291 0.25445 0.25482 0.26111 0.23488 0.25678 0.20831 0.21610
[GLO_TACCS]: 0.68632 0.77299 0.79206 0.82777 0.84346 0.85143 0.85574 0.86987 0.85179 0.87567 0.88772 0.89426 0.86808 0.90682 0.91961 0.92369 0.91901 0.91374 0.93434 0.94267
[LOCAL_TACCS]: 0.69333 0.67000 0.76000 0.71333 0.80667 0.77667 0.84000 0.83333 0.88000 0.85667 0.84000 0.82333 0.84667 0.83667 0.84000 0.88000 0.87333 0.83000 0.91667 0.86667 0.94333 0.86667 0.90333 0.85333 0.89333 0.87667 0.91333 0.85000 0.90667 0.89000 0.92333 0.90667 0.90333 0.89667 0.91667 0.90667 0.93000 0.91000 0.93000 0.88333

Args(dataset='tumor2', split='label', dir_alpha=None, n_classes=2, n_clients=100, n_max_sam=None, c_ratio=0.1, net='TFCNN', max_round=200, test_round=10, local_epochs=2, local_steps=None, batch_size=64, optimizer='SGD', lr=0.03, momentum=0.9, weight_decay=1e-05, max_grad_norm=100.0, cuda=True, algo='fedavgDP', nc_per_client=2, none='none', fname='tumor2-K100-E2-Label2-TFCNN-0.03.log')
[ROUNDS]: 10 20 30 40 50 60 70 80 90 100 110 120 130 140 150 160 170 180 190 200
[LOSSES]: 0.69083 0.68717 0.68917 0.68877 0.69134 0.68744 0.69177 0.68869 0.68972 0.68482 0.68973 0.68916 0.68380 0.68717 0.68934 0.68915 0.68773 0.68779 0.69003 0.69087
[GLO_TACCS]: 0.50619 0.50619 0.50619 0.50619 0.50619 0.50619 0.50619 0.50619 0.50619 0.50619 0.50619 0.50619 0.50619 0.50619 0.50619 0.50619 0.50619 0.50619 0.50619 0.50619
[LOCAL_TACCS]: 0.54667 0.56333 0.50667 0.50333 0.50667 0.51000 0.53667 0.52667 0.52000 0.54000 0.51333 0.50667 0.57000 0.56667 0.50667 0.50333 0.52667 0.50667 0.52000 0.52000 0.53667 0.53333 0.50000 0.49333 0.48333 0.48667 0.52333 0.51000 0.51667 0.49333 0.47000 0.46000 0.56333 0.54333 0.49000 0.49333 0.52000 0.53667 0.53667 0.52667

Args(dataset='tumor2', split='label', dir_alpha=None, n_classes=2, n_clients=100, n_max_sam=None, c_ratio=0.1, net='TFCNN', max_round=100, test_round=10, local_epochs=2, local_steps=None, batch_size=64, optimizer='SGD', lr=0.03, momentum=0.9, weight_decay=1e-05, max_grad_norm=100.0, cuda=True, algo='fedavg', nc_per_client=2, none='none', fname='tumor2-K100-E2-Label2-TFCNN-0.03.log')
[ROUNDS]: 10 20 30 40 50 60 70 80 90 100
[LOSSES]: 0.59026 0.56101 0.46742 0.44212 0.37719 0.40054 0.35064 0.33825 0.34359 0.30284
[GLO_TACCS]: 0.68511 0.78766 0.79965 0.81304 0.84866 0.85781 0.87060 0.87612 0.88511 0.88645
[LOCAL_TACCS]: 0.70667 0.69333 0.74333 0.77667 0.81000 0.72667 0.84333 0.81000 0.85667 0.78667 0.87667 0.81667 0.89667 0.87333 0.88333 0.84000 0.89667 0.85000 0.87000 0.86000

Args(dataset='tumor2', split='label', dir_alpha=None, n_classes=2, n_clients=100, n_max_sam=None, c_ratio=0.1, net='TFCNN', max_round=200, test_round=10, local_epochs=2, local_steps=None, batch_size=64, optimizer='SGD', lr=0.03, momentum=0.9, weight_decay=1e-05, max_grad_norm=100.0, cuda=True, algo='fedavgDP', nc_per_client=2, none='none', fname='tumor2-K100-E2-Label2-TFCNN-0.03.log')
[ROUNDS]: 10 20 30 40 50 60 70 80 90 100 110 120 130 140 150 160 170 180 190 200
[LOSSES]: 0.76251 0.91049 1.18635 1.34879 1.23475 1.30893 1.21048 1.22066 1.22812 1.33374 1.20619 1.30272 1.19905 1.15624 1.17103 1.19389 1.23761 1.24278 1.10598 1.11498
[GLO_TACCS]: 0.51221 0.62427 0.62930 0.62953 0.63154 0.63377 0.63103 0.63326 0.63594 0.64225 0.64337 0.65258 0.65281 0.64732 0.64955 0.65335 0.65765 0.66441 0.66250 0.67022
[LOCAL_TACCS]: 0.56667 0.49667 0.65667 0.66000 0.61000 0.61000 0.58667 0.59333 0.68333 0.68333 0.62000 0.62000 0.65333 0.64667 0.65667 0.65667 0.64333 0.64333 0.65667 0.64667 0.61333 0.62333 0.62667 0.63000 0.66667 0.66333 0.66000 0.65667 0.66667 0.64000 0.66000 0.64667 0.61667 0.60667 0.63667 0.61000 0.68000 0.67333 0.64000 0.64000

Args(dataset='tumor2', split='label', dir_alpha=None, n_classes=2, n_clients=100, n_max_sam=None, c_ratio=0.1, net='TFCNN', max_round=200, test_round=10, local_epochs=2, local_steps=None, batch_size=64, optimizer='SGD', lr=0.03, momentum=0.9, weight_decay=1e-05, max_grad_norm=100.0, cuda=False, algo='fedavgDP', nc_per_client=2, none='none', fname='tumor2-K100-E2-Label2-TFCNN-0.03.log')
[ROUNDS]: 10 20 30 40 50 60 70 80 90 100 110 120 130 140 150 160 170 180 190 200
[LOSSES]: 1.02789 0.93845 1.21447 1.33480 1.22914 1.24675 1.18678 1.21460 1.19886 1.30410 1.21922 1.19598 1.23206 1.14732 1.16664 1.21120 1.26833 1.25132 1.15071 1.11666
[GLO_TACCS]: 0.50619 0.62707 0.62813 0.63087 0.63131 0.63281 0.63415 0.63616 0.64180 0.64314 0.64241 0.64397 0.65526 0.64978 0.65274 0.65424 0.66033 0.66598 0.66821 0.66346
[LOCAL_TACCS]: 0.48000 0.47667 0.66000 0.65333 0.61000 0.61667 0.58667 0.59000 0.68667 0.69000 0.61333 0.62000 0.64000 0.64667 0.65333 0.65667 0.63667 0.63000 0.65000 0.64667 0.62667 0.61333 0.63667 0.61667 0.66333 0.67667 0.66000 0.66000 0.66000 0.64667 0.66667 0.66333 0.62667 0.62000 0.64000 0.61667 0.68000 0.67333 0.65000 0.64000

