Args(dataset='Voice', split='label', dir_alpha=None, n_classes=86, n_clients=86, n_max_sam=None, c_ratio=0.1, net='MLPNet', max_round=200, test_round=10, local_epochs=2, local_steps=None, batch_size=64, optimizer='SGD', lr=0.03, momentum=0.9, weight_decay=1e-05, max_grad_norm=100.0, cuda=False, algo='fedaws', nc_per_client=10, input_channel=1, input_size=65, margin=0.8, aws_steps=30, aws_lr=0.1, fname='Voice-K100-E2-Label2-MLPNet-0.03.log')
[ROUNDS]: 10 20 30 40 50 60 70 80 90 100 110 120 130 140 150 160 170 180 190 200
[LOSSES]: 4.45039 4.45169 4.45233 4.45016 4.44865 4.45095 4.45057 4.44852 4.45086 4.45032 4.44777 4.45283 4.44514 4.45308 4.44720 4.44856 4.44406 4.44387 4.44670 4.44360
[GLO_TACCS]: 0.01241 0.00998 0.00998 0.00964 0.01259 0.00799 0.00799 0.00799 0.01163 0.00799 0.01589 0.00781 0.01502 0.00799 0.00807 0.01554 0.01224 0.00781 0.00799 0.00799
[LOCAL_TACCS]: 0.04087 0.07419 0.00806 0.04906 0.00000 0.06089 0.02772 0.06546 0.03630 0.06882 0.02016 0.06962 0.00000 0.08911 0.01613 0.06573 0.02016 0.08978 0.01210 0.05309 0.02460 0.08172 0.00000 0.00000 0.01613 0.03629 0.03175 0.04462 0.02016 0.03642 0.00000 0.02836 0.00833 0.02500 0.00806 0.03656 0.04385 0.05595 0.04839 0.07258

Args(dataset='Voice', split='label', dir_alpha=None, n_classes=86, n_clients=86, n_max_sam=None, c_ratio=0.1, net='MLPNet', max_round=200, test_round=10, local_epochs=2, local_steps=None, batch_size=64, optimizer='SGD', lr=0.03, momentum=0.9, weight_decay=1e-05, max_grad_norm=100.0, cuda=False, algo='fedaws', nc_per_client=10, input_channel=1, input_size=65, margin=0.5, aws_steps=50, aws_lr=0.01, fname='Voice-K100-E2-Label2-MLPNet-0.03.log')
[ROUNDS]: 10 20 30 40 50 60 70 80 90 100 110 120 130 140 150 160 170 180 190 200
[LOSSES]: 4.45248 4.45313 4.45151 4.45139 4.45132 4.44945 4.44837 4.44875 4.45136 4.44970 4.45005 4.45231 4.45276 4.44908 4.44604 4.45129 4.44986 4.44519 4.44890 4.44874
[GLO_TACCS]: 0.01345 0.01215 0.01241 0.01215 0.01215 0.01215 0.01094 0.01215 0.01241 0.01641 0.00799 0.00799 0.00799 0.01450 0.00799 0.00799 0.00799 0.00799 0.00799 0.00799
[LOCAL_TACCS]: 0.00000 0.06466 0.01210 0.02016 0.00000 0.04814 0.00806 0.04034 0.01667 0.02070 0.00000 0.06169 0.00000 0.05217 0.02823 0.04435 0.00000 0.02043 0.00000 0.02810 0.02016 0.03629 0.00000 0.00000 0.00000 0.00000 0.01210 0.06102 0.01600 0.04934 0.01210 0.03710 0.00000 0.00403 0.00000 0.00391 0.01172 0.01172 0.01172 0.01172

Args(dataset='Voice', split='label', dir_alpha=None, n_classes=86, n_clients=86, n_max_sam=None, c_ratio=0.1, net='MLPNet', max_round=200, test_round=10, local_epochs=2, local_steps=None, batch_size=64, optimizer='SGD', lr=0.03, momentum=0.9, weight_decay=1e-05, max_grad_norm=100.0, cuda=False, algo='fedavg', nc_per_client=86, input_channel=1, input_size=65, none='none', fname='Voice-K100-E2-Label2-MLPNet-0.03.log')
[ROUNDS]: 10 20 30 40 50 60 70 80 90 100 110 120 130 140 150 160 170 180 190 200
[LOSSES]: 4.45395 4.45381 4.45353 4.45311 4.45205 4.45168 4.45250 4.45137 4.45075 4.45022 4.44792 4.44734 4.44807 4.44937 4.44897 4.44719 4.44524 4.44251 4.44353 4.43615
[GLO_TACCS]: 0.01094 0.00929 0.00833 0.00686 0.00686 0.00686 0.00686 0.00686 0.00686 0.00686 0.00686 0.00686 0.00686 0.00686 0.00686 0.00686 0.00825 0.00825 0.00946 0.00686
[LOCAL_TACCS]: 0.00735 0.00735 0.04412 0.02941 0.02206 0.01471 0.02206 0.02941 0.02206 0.02206 0.02206 0.02206 0.02941 0.02941 0.02206 0.02206 0.04412 0.04412 0.00735 0.00735 0.00000 0.00000 0.02206 0.02206 0.03676 0.03676 0.02206 0.02206 0.04412 0.04412 0.01471 0.00735 0.02206 0.02206 0.02206 0.02206 0.01471 0.01471 0.03676 0.04412

Args(dataset='Voice', split='label', dir_alpha=None, n_classes=86, n_clients=86, n_max_sam=None, c_ratio=0.1, net='MLPNet', max_round=200, test_round=10, local_epochs=2, local_steps=None, batch_size=64, optimizer='SGD', lr=0.03, momentum=0.9, weight_decay=1e-05, max_grad_norm=100.0, cuda=False, algo='fedavg', nc_per_client=86, input_channel=1, input_size=65, none='none', fname='Voice-K100-E2-Label2-MLPNet-0.03.log')
[ROUNDS]: 10 20 30 40 50 60 70 80 90 100 110 120 130 140 150 160 170 180 190 200
[LOSSES]: 4.45408 4.45361 4.45308 4.45386 4.45300 4.45162 4.45263 4.45141 4.45135 4.45048 4.45132 4.44983 4.44604 4.45101 4.44897 4.44685 4.44620 4.44736 4.44264 4.44443
[GLO_TACCS]: 0.00833 0.00833 0.00833 0.00833 0.00833 0.00833 0.00833 0.00833 0.00833 0.00833 0.00833 0.00833 0.00833 0.00833 0.00833 0.00833 0.00833 0.00833 0.00833 0.01102
[LOCAL_TACCS]: 0.02206 0.02206 0.02206 0.02206 0.03676 0.03676 0.02206 0.02206 0.01471 0.01471 0.05147 0.05147 0.02941 0.02941 0.03676 0.03676 0.00735 0.00735 0.02206 0.02206 0.02206 0.02206 0.02941 0.02941 0.02206 0.02206 0.03676 0.03676 0.03676 0.03676 0.03676 0.03676 0.03676 0.03676 0.03676 0.03676 0.02206 0.01471 0.01471 0.01471

Args(dataset='Voice', split='label', dir_alpha=None, n_classes=86, n_clients=86, n_max_sam=None, c_ratio=0.1, net='MLPNet', max_round=200, test_round=10, local_epochs=2, local_steps=None, batch_size=64, optimizer='SGD', lr=0.03, momentum=0.9, weight_decay=1e-05, max_grad_norm=100.0, cuda=False, algo='fedavg', nc_per_client=86, input_channel=1, input_size=65, none='none', fname='Voice-K100-E2-Label2-MLPNet-0.03.log')
[ROUNDS]: 10 20 30 40 50 60 70 80 90 100 110 120 130 140 150 160 170 180 190 200
[LOSSES]: 2.37395 1.48683 1.08288 0.78620 0.59855 0.52393 0.50691 0.39165 0.36270 0.28632 0.30585 0.27857 0.26849 0.23115 0.31538 0.25052 0.24635 0.22228 0.16744 0.16985
[GLO_TACCS]: 0.48073 0.72691 0.80365 0.83012 0.85347 0.87109 0.86962 0.89427 0.88880 0.90035 0.90738 0.90260 0.89297 0.90608 0.90903 0.90729 0.91519 0.91693 0.91441 0.92092
[LOCAL_TACCS]: 0.38971 0.11029 0.73529 0.22059 0.80882 0.38235 0.88235 0.50000 0.90441 0.51471 0.81618 0.58088 0.87500 0.60294 0.87500 0.69118 0.86029 0.66176 0.86765 0.81618 0.90441 0.69853 0.94118 0.77206 0.89706 0.77941 0.93382 0.72794 0.91176 0.76471 0.94118 0.75735 0.96324 0.77206 0.94118 0.81618 0.97059 0.83824 0.96324 0.91176

Args(dataset='Voice', split='label', dir_alpha=None, n_classes=86, n_clients=86, n_max_sam=None, c_ratio=0.1, net='MLPNet', max_round=200, test_round=10, local_epochs=2, local_steps=None, batch_size=64, optimizer='SGD', lr=0.03, momentum=0.9, weight_decay=1e-05, max_grad_norm=100.0, cuda=True, algo='fedavg', nc_per_client=1, input_size=104, input_channel=1, none='none', fname='Voice-K100-E2-Label2-MLPNet-0.03.log')
[ROUNDS]: 10 20 30 40 50 60 70 80 90 100 110 120 130 140 150 160 170 180 190 200
[LOSSES]: 4.41396 4.38887 4.34217 4.29500 3.94045 3.26746 1.93749 1.65550 1.37274 1.74799 1.29561 1.43129 1.48338 1.62777 1.34273 1.71838 1.58397 1.25503 1.50472 1.57858
[GLO_TACCS]: 0.01319 0.00686 0.00799 0.01042 0.01137 0.01094 0.01059 0.01233 0.00946 0.01250 0.01059 0.00938 0.01424 0.00807 0.01267 0.01146 0.01137 0.01293 0.01484 0.01094
[LOCAL_TACCS]: 0.00000 1.00000 0.00000 1.00000 0.00000 1.00000 0.00000 1.00000 0.00000 1.00000 0.00000 1.00000 0.00000 1.00000 0.12500 1.00000 0.00000 1.00000 0.00000 1.00000 0.00000 1.00000 0.00000 1.00000 0.00000 1.00000 0.12500 1.00000 0.00000 1.00000 0.00000 1.00000 0.00000 1.00000 0.00000 1.00000 0.00000 1.00000 0.00000 1.00000

